#
# There is insufficient memory for the Java Runtime Environment to continue.
# Native memory allocation (mmap) failed to map 150994944 bytes for committing reserved memory.
# Possible reasons:
#   The system is out of physical RAM or swap space
#   In 32 bit mode, the process size limit was hit
# Possible solutions:
#   Reduce memory load on the system
#   Increase physical memory or swap space
#   Check if swap backing store is full
#   Use 64 bit Java on a 64 bit OS
#   Decrease Java heap size (-Xmx/-Xms)
#   Decrease number of Java threads
#   Decrease Java thread stack sizes (-Xss)
#   Set larger code cache with -XX:ReservedCodeCacheSize=
# This output file may be truncated or incomplete.
#
#  Out of Memory Error (os_linux.cpp:2627), pid=20621, tid=0x00007fa560afa700
#
# JRE version: OpenJDK Runtime Environment (8.0_112-b06) (build 1.8.0_112-release-b06)
# Java VM: OpenJDK 64-Bit Server VM (25.112-b06 mixed mode linux-amd64 compressed oops)
# Failed to write core dump. Core dumps have been disabled. To enable core dumping, try "ulimit -c unlimited" before starting Java again
#

---------------  T H R E A D  ---------------

Current thread (0x00007fa570079000):  VMThread [stack: 0x00007fa5609fa000,0x00007fa560afb000] [id=20631]

Stack: [0x00007fa5609fa000,0x00007fa560afb000],  sp=0x00007fa560af94c0,  free space=1021k
Native frames: (J=compiled Java code, j=interpreted, Vv=VM code, C=native code)
V  [libjvm.so+0x9e465d]  VMError::report_and_die()+0x15d
V  [libjvm.so+0x4b6ada]  report_vm_out_of_memory(char const*, int, unsigned long, VMErrorType, char const*)+0x8a
V  [libjvm.so+0x84c860]  os::pd_commit_memory(char*, unsigned long, unsigned long, bool)+0xf0
V  [libjvm.so+0x84737f]  os::commit_memory(char*, unsigned long, unsigned long, bool)+0x1f
V  [libjvm.so+0x8bd3db]  PSVirtualSpace::expand_by(unsigned long)+0x5b
V  [libjvm.so+0x8be050]  PSYoungGen::resize_generation(unsigned long, unsigned long)+0xb0
V  [libjvm.so+0x8be36b]  PSYoungGen::resize(unsigned long, unsigned long)+0x1b
V  [libjvm.so+0x8baa5c]  PSScavenge::invoke_no_policy()+0xdac
V  [libjvm.so+0x8bb238]  PSScavenge::invoke()+0x38
V  [libjvm.so+0x86fcf3]  ParallelScavengeHeap::failed_mem_allocate(unsigned long)+0x63
V  [libjvm.so+0x9e6124]  VM_ParallelGCFailedAllocation::doit()+0x84
V  [libjvm.so+0x9ea537]  VM_Operation::evaluate()+0x47
V  [libjvm.so+0x9e8ff8]  VMThread::evaluate_operation(VM_Operation*)+0x2c8
V  [libjvm.so+0x9e9479]  VMThread::loop()+0x219
V  [libjvm.so+0x9e98c2]  VMThread::run()+0x72
V  [libjvm.so+0x849c82]  java_start(Thread*)+0xf2

VM_Operation (0x00007fa5790df140): ParallelGCFailedAllocation, mode: safepoint, requested by thread 0x00007fa57000c000


---------------  P R O C E S S  ---------------

Java Threads: ( => current thread )
  0x00007fa5700c1000 JavaThread "Service Thread" daemon [_thread_blocked, id=20638, stack(0x00007fa56001b000,0x00007fa56011c000)]
  0x00007fa5700be000 JavaThread "C1 CompilerThread2" daemon [_thread_blocked, id=20637, stack(0x00007fa56011c000,0x00007fa56021d000)]
  0x00007fa5700bc800 JavaThread "C2 CompilerThread1" daemon [_thread_blocked, id=20636, stack(0x00007fa56021d000,0x00007fa56031e000)]
  0x00007fa5700b9800 JavaThread "C2 CompilerThread0" daemon [_thread_blocked, id=20635, stack(0x00007fa56031e000,0x00007fa56041f000)]
  0x00007fa5700b8000 JavaThread "Signal Dispatcher" daemon [_thread_blocked, id=20634, stack(0x00007fa56041f000,0x00007fa560520000)]
  0x00007fa570085800 JavaThread "Finalizer" daemon [_thread_blocked, id=20633, stack(0x00007fa5607f8000,0x00007fa5608f9000)]
  0x00007fa570081000 JavaThread "Reference Handler" daemon [_thread_blocked, id=20632, stack(0x00007fa5608f9000,0x00007fa5609fa000)]
  0x00007fa57000c000 JavaThread "main" [_thread_blocked, id=20623, stack(0x00007fa578fe0000,0x00007fa5790e1000)]

Other Threads:
=>0x00007fa570079000 VMThread [stack: 0x00007fa5609fa000,0x00007fa560afb000] [id=20631]
  0x00007fa5700c3800 WatcherThread [stack: 0x00007fa551eff000,0x00007fa552000000] [id=20639]

VM state:at safepoint (normal execution)

VM Mutex/Monitor currently owned by a thread:  ([mutex/lock_event])
[0x00007fa5700080e0] Threads_lock - owner thread: 0x00007fa570079000
[0x00007fa5700085e0] Heap_lock - owner thread: 0x00007fa57000c000

Heap:
 PSYoungGen      total 132096K, used 5102K [0x00000000eab00000, 0x00000000f3100000, 0x0000000100000000)
  eden space 126976K, 0% used [0x00000000eab00000,0x00000000eab00000,0x00000000f2700000)
  from space 5120K, 99% used [0x00000000f2700000,0x00000000f2bfbbe0,0x00000000f2c00000)
  to   space 5120K, 0% used [0x00000000f2c00000,0x00000000f2c00000,0x00000000f3100000)
 ParOldGen       total 84992K, used 29803K [0x00000000c0000000, 0x00000000c5300000, 0x00000000eab00000)
  object space 84992K, 35% used [0x00000000c0000000,0x00000000c1d1ae30,0x00000000c5300000)
 Metaspace       used 5210K, capacity 5502K, committed 5760K, reserved 1056768K
  class space    used 545K, capacity 561K, committed 640K, reserved 1048576K

Card table byte_map: [0x00007fa575c77000,0x00007fa575e78000] byte_map_base: 0x00007fa575677000

Marking Bits: (ParMarkBitMap*) 0x00007fa5784b4340
 Begin Bits: [0x00007fa552000000, 0x00007fa553000000)
 End Bits:   [0x00007fa553000000, 0x00007fa554000000)

Polling page: 0x00007fa579107000

CodeCache: size=245760Kb used=3841Kb max_used=3841Kb free=241918Kb
 bounds [0x00007fa561000000, 0x00007fa5613d0000, 0x00007fa570000000]
 total_blobs=1388 nmethods=1104 adapters=199
 compilation: enabled

Compilation events (10 events):
Event: 3.090 Thread 0x00007fa5700bc800 nmethod 1135 0x00007fa5613c0e10 code [0x00007fa5613c0f80, 0x00007fa5613c1238]
Event: 3.095 Thread 0x00007fa5700bc800 1137       4       com.android.dx.io.instructions.FourRegisterDecodedInstruction::withIndex (45 bytes)
Event: 3.097 Thread 0x00007fa5700bc800 nmethod 1137 0x00007fa5613c1610 code [0x00007fa5613c1780, 0x00007fa5613c1a98]
Event: 3.132 Thread 0x00007fa5700be000 1138       3       com.android.dx.io.instructions.InstructionCodec$33::decode (99 bytes)
Event: 3.133 Thread 0x00007fa5700bc800 1140       4       com.android.dx.io.instructions.ShortArrayCodeOutput::writeInt (16 bytes)
Event: 3.134 Thread 0x00007fa5700be000 nmethod 1138 0x00007fa5613c1d90 code [0x00007fa5613c2080, 0x00007fa5613c3cb8]
Event: 3.134 Thread 0x00007fa5700be000 1139       3       com.android.dx.io.instructions.InstructionCodec$33::encode (131 bytes)
Event: 3.135 Thread 0x00007fa5700bc800 nmethod 1140 0x00007fa5613ad510 code [0x00007fa5613ad660, 0x00007fa5613ad758]
Event: 3.136 Thread 0x00007fa5700be000 nmethod 1139 0x00007fa5613c4f90 code [0x00007fa5613c5240, 0x00007fa5613c6f28]
Event: 3.137 Thread 0x00007fa5700bc800 1141       4       com.android.dx.io.instructions.FiveRegisterDecodedInstruction::<init> (44 bytes)

GC Heap History (9 events):
Event: 0.912 GC heap before
{Heap before GC invocations=1 (full 0):
 PSYoungGen      total 36864K, used 31686K [0x00000000eab00000, 0x00000000ed400000, 0x0000000100000000)
  eden space 31744K, 99% used [0x00000000eab00000,0x00000000ec9f19c8,0x00000000eca00000)
  from space 5120K, 0% used [0x00000000ecf00000,0x00000000ecf00000,0x00000000ed400000)
  to   space 5120K, 0% used [0x00000000eca00000,0x00000000eca00000,0x00000000ecf00000)
 ParOldGen       total 84992K, used 0K [0x00000000c0000000, 0x00000000c5300000, 0x00000000eab00000)
  object space 84992K, 0% used [0x00000000c0000000,0x00000000c0000000,0x00000000c5300000)
 Metaspace       used 5012K, capacity 5496K, committed 5760K, reserved 1056768K
  class space    used 536K, capacity 560K, committed 640K, reserved 1048576K
Event: 0.925 GC heap after
Heap after GC invocations=1 (full 0):
 PSYoungGen      total 36864K, used 5117K [0x00000000eab00000, 0x00000000ef300000, 0x0000000100000000)
  eden space 31744K, 0% used [0x00000000eab00000,0x00000000eab00000,0x00000000eca00000)
  from space 5120K, 99% used [0x00000000eca00000,0x00000000eceff578,0x00000000ecf00000)
  to   space 5120K, 0% used [0x00000000eee00000,0x00000000eee00000,0x00000000ef300000)
 ParOldGen       total 84992K, used 3501K [0x00000000c0000000, 0x00000000c5300000, 0x00000000eab00000)
  object space 84992K, 4% used [0x00000000c0000000,0x00000000c036b700,0x00000000c5300000)
 Metaspace       used 5012K, capacity 5496K, committed 5760K, reserved 1056768K
  class space    used 536K, capacity 560K, committed 640K, reserved 1048576K
}
Event: 1.113 GC heap before
{Heap before GC invocations=2 (full 0):
 PSYoungGen      total 36864K, used 36692K [0x00000000eab00000, 0x00000000ef300000, 0x0000000100000000)
  eden space 31744K, 99% used [0x00000000eab00000,0x00000000ec9d5db8,0x00000000eca00000)
  from space 5120K, 99% used [0x00000000eca00000,0x00000000eceff578,0x00000000ecf00000)
  to   space 5120K, 0% used [0x00000000eee00000,0x00000000eee00000,0x00000000ef300000)
 ParOldGen       total 84992K, used 3501K [0x00000000c0000000, 0x00000000c5300000, 0x00000000eab00000)
  object space 84992K, 4% used [0x00000000c0000000,0x00000000c036b700,0x00000000c5300000)
 Metaspace       used 5085K, capacity 5496K, committed 5760K, reserved 1056768K
  class space    used 536K, capacity 560K, committed 640K, reserved 1048576K
Event: 1.221 GC heap after
Heap after GC invocations=2 (full 0):
 PSYoungGen      total 68608K, used 5105K [0x00000000eab00000, 0x00000000ef300000, 0x0000000100000000)
  eden space 63488K, 0% used [0x00000000eab00000,0x00000000eab00000,0x00000000ee900000)
  from space 5120K, 99% used [0x00000000eee00000,0x00000000ef2fc468,0x00000000ef300000)
  to   space 5120K, 0% used [0x00000000ee900000,0x00000000ee900000,0x00000000eee00000)
 ParOldGen       total 84992K, used 5435K [0x00000000c0000000, 0x00000000c5300000, 0x00000000eab00000)
  object space 84992K, 6% used [0x00000000c0000000,0x00000000c054ecd0,0x00000000c5300000)
 Metaspace       used 5085K, capacity 5496K, committed 5760K, reserved 1056768K
  class space    used 536K, capacity 560K, committed 640K, reserved 1048576K
}
Event: 1.710 GC heap before
{Heap before GC invocations=3 (full 0):
 PSYoungGen      total 68608K, used 68593K [0x00000000eab00000, 0x00000000ef300000, 0x0000000100000000)
  eden space 63488K, 100% used [0x00000000eab00000,0x00000000ee900000,0x00000000ee900000)
  from space 5120K, 99% used [0x00000000eee00000,0x00000000ef2fc468,0x00000000ef300000)
  to   space 5120K, 0% used [0x00000000ee900000,0x00000000ee900000,0x00000000eee00000)
 ParOldGen       total 84992K, used 5435K [0x00000000c0000000, 0x00000000c5300000, 0x00000000eab00000)
  object space 84992K, 6% used [0x00000000c0000000,0x00000000c054ecd0,0x00000000c5300000)
 Metaspace       used 5188K, capacity 5502K, committed 5760K, reserved 1056768K
  class space    used 545K, capacity 561K, committed 640K, reserved 1048576K
Event: 1.763 GC heap after
Heap after GC invocations=3 (full 0):
 PSYoungGen      total 68608K, used 4668K [0x00000000eab00000, 0x00000000f3100000, 0x0000000100000000)
  eden space 63488K, 0% used [0x00000000eab00000,0x00000000eab00000,0x00000000ee900000)
  from space 5120K, 91% used [0x00000000ee900000,0x00000000eed8f1f0,0x00000000eee00000)
  to   space 5120K, 0% used [0x00000000f2c00000,0x00000000f2c00000,0x00000000f3100000)
 ParOldGen       total 84992K, used 14781K [0x00000000c0000000, 0x00000000c5300000, 0x00000000eab00000)
  object space 84992K, 17% used [0x00000000c0000000,0x00000000c0e6f518,0x00000000c5300000)
 Metaspace       used 5188K, capacity 5502K, committed 5760K, reserved 1056768K
  class space    used 545K, capacity 561K, committed 640K, reserved 1048576K
}
Event: 1.883 GC heap before
{Heap before GC invocations=4 (full 0):
 PSYoungGen      total 68608K, used 68156K [0x00000000eab00000, 0x00000000f3100000, 0x0000000100000000)
  eden space 63488K, 100% used [0x00000000eab00000,0x00000000ee900000,0x00000000ee900000)
  from space 5120K, 91% used [0x00000000ee900000,0x00000000eed8f1f0,0x00000000eee00000)
  to   space 5120K, 0% used [0x00000000f2c00000,0x00000000f2c00000,0x00000000f3100000)
 ParOldGen       total 84992K, used 14781K [0x00000000c0000000, 0x00000000c5300000, 0x00000000eab00000)
  object space 84992K, 17% used [0x00000000c0000000,0x00000000c0e6f518,0x00000000c5300000)
 Metaspace       used 5201K, capacity 5502K, committed 5760K, reserved 1056768K
  class space    used 545K, capacity 561K, committed 640K, reserved 1048576K
Event: 1.891 GC heap after
Heap after GC invocations=4 (full 0):
 PSYoungGen      total 132096K, used 4902K [0x00000000eab00000, 0x00000000f3100000, 0x0000000100000000)
  eden space 126976K, 0% used [0x00000000eab00000,0x00000000eab00000,0x00000000f2700000)
  from space 5120K, 95% used [0x00000000f2c00000,0x00000000f30c98d8,0x00000000f3100000)
  to   space 5120K, 0% used [0x00000000f2700000,0x00000000f2700000,0x00000000f2c00000)
 ParOldGen       total 84992K, used 19613K [0x00000000c0000000, 0x00000000c5300000, 0x00000000eab00000)
  object space 84992K, 23% used [0x00000000c0000000,0x00000000c13277c8,0x00000000c5300000)
 Metaspace       used 5201K, capacity 5502K, committed 5760K, reserved 1056768K
  class space    used 545K, capacity 561K, committed 640K, reserved 1048576K
}
Event: 3.139 GC heap before
{Heap before GC invocations=5 (full 0):
 PSYoungGen      total 132096K, used 131878K [0x00000000eab00000, 0x00000000f3100000, 0x0000000100000000)
  eden space 126976K, 100% used [0x00000000eab00000,0x00000000f2700000,0x00000000f2700000)
  from space 5120K, 95% used [0x00000000f2c00000,0x00000000f30c98d8,0x00000000f3100000)
  to   space 5120K, 0% used [0x00000000f2700000,0x00000000f2700000,0x00000000f2c00000)
 ParOldGen       total 84992K, used 19613K [0x00000000c0000000, 0x00000000c5300000, 0x00000000eab00000)
  object space 84992K, 23% used [0x00000000c0000000,0x00000000c13277c8,0x00000000c5300000)
 Metaspace       used 5210K, capacity 5502K, committed 5760K, reserved 1056768K
  class space    used 545K, capacity 561K, committed 640K, reserved 1048576K

Deoptimization events (9 events):
Event: 0.565 Thread 0x00007fa57000c000 Uncommon trap: reason=unstable_if action=reinterpret pc=0x00007fa561169944 method=java.lang.String.indexOf(II)I @ 49
Event: 0.782 Thread 0x00007fa57000c000 Uncommon trap: reason=unstable_if action=reinterpret pc=0x00007fa5611caea0 method=com.android.dex.Mutf8.decode(Lcom/android/dex/util/ByteInput;[C)Ljava/lang/String; @ 37
Event: 0.782 Thread 0x00007fa57000c000 Uncommon trap: reason=unstable_if action=reinterpret pc=0x00007fa5611cba24 method=com.android.dex.Mutf8.countBytes(Ljava/lang/String;Z)J @ 35
Event: 0.782 Thread 0x00007fa57000c000 Uncommon trap: reason=unstable_if action=reinterpret pc=0x00007fa5611d3fc4 method=com.android.dex.Mutf8.encode([BILjava/lang/String;)V @ 31
Event: 0.816 Thread 0x00007fa57000c000 Uncommon trap: reason=predicate action=maybe_recompile pc=0x00007fa5611f5c04 method=com.android.dex.Leb128.readUnsignedLeb128(Lcom/android/dex/util/ByteInput;)I @ 41
Event: 1.078 Thread 0x00007fa57000c000 Uncommon trap: reason=unstable_if action=reinterpret pc=0x00007fa561299bd0 method=com.android.dex.EncodedValueCodec.readUnsignedInt(Lcom/android/dex/util/ByteInput;IZ)I @ 3
Event: 1.848 Thread 0x00007fa57000c000 Uncommon trap: reason=unstable_if action=reinterpret pc=0x00007fa561323e90 method=com.android.dx.merge.DexMerger$IdMerger.mergeSorted()V @ 261
Event: 2.073 Thread 0x00007fa57000c000 Uncommon trap: reason=unstable_if action=reinterpret pc=0x00007fa5612bbd60 method=java.util.HashMap.getNode(ILjava/lang/Object;)Ljava/util/HashMap$Node; @ 116
Event: 2.073 Thread 0x00007fa57000c000 Uncommon trap: reason=unstable_if action=reinterpret pc=0x00007fa5612718a4 method=java.util.HashMap.getNode(ILjava/lang/Object;)Ljava/util/HashMap$Node; @ 116

Internal exceptions (8 events):
Event: 0.057 Thread 0x00007fa57000c000 Exception <a 'java/lang/NoSuchMethodError': Method sun.misc.Unsafe.defineClass(Ljava/lang/String;[BII)Ljava/lang/Class; name or signature does not match> (0x00000000eab07c78) thrown at [/ssd/Android/AOSP-openjdk/external/jetbrains/jdk/hotspot/src/share/vm
Event: 0.057 Thread 0x00007fa57000c000 Exception <a 'java/lang/NoSuchMethodError': Method sun.misc.Unsafe.prefetchRead(Ljava/lang/Object;J)V name or signature does not match> (0x00000000eab07f60) thrown at [/ssd/Android/AOSP-openjdk/external/jetbrains/jdk/hotspot/src/share/vm/prims/jni.cpp, li
Event: 0.634 Thread 0x00007fa57000c000 Exception <a 'java/security/PrivilegedActionException'> (0x00000000ebdd8168) thrown at [/ssd/Android/AOSP-openjdk/external/jetbrains/jdk/hotspot/src/share/vm/prims/jvm.cpp, line 1390]
Event: 0.634 Thread 0x00007fa57000c000 Exception <a 'java/security/PrivilegedActionException'> (0x00000000ebdd8560) thrown at [/ssd/Android/AOSP-openjdk/external/jetbrains/jdk/hotspot/src/share/vm/prims/jvm.cpp, line 1390]
Event: 0.634 Thread 0x00007fa57000c000 Exception <a 'java/security/PrivilegedActionException'> (0x00000000ebdda998) thrown at [/ssd/Android/AOSP-openjdk/external/jetbrains/jdk/hotspot/src/share/vm/prims/jvm.cpp, line 1390]
Event: 0.634 Thread 0x00007fa57000c000 Exception <a 'java/security/PrivilegedActionException'> (0x00000000ebddad90) thrown at [/ssd/Android/AOSP-openjdk/external/jetbrains/jdk/hotspot/src/share/vm/prims/jvm.cpp, line 1390]
Event: 0.634 Thread 0x00007fa57000c000 Exception <a 'java/security/PrivilegedActionException'> (0x00000000ebddbc30) thrown at [/ssd/Android/AOSP-openjdk/external/jetbrains/jdk/hotspot/src/share/vm/prims/jvm.cpp, line 1390]
Event: 0.634 Thread 0x00007fa57000c000 Exception <a 'java/security/PrivilegedActionException'> (0x00000000ebddc028) thrown at [/ssd/Android/AOSP-openjdk/external/jetbrains/jdk/hotspot/src/share/vm/prims/jvm.cpp, line 1390]

Events (10 events):
Event: 2.113 Thread 0x00007fa57000c000 DEOPT UNPACKING pc=0x00007fa561047373 sp=0x00007fa5790def60 mode 0
Event: 2.814 Thread 0x00007fa57000c000 DEOPT PACKING pc=0x00007fa56135d879 sp=0x00007fa5790df5b0
Event: 2.814 Thread 0x00007fa57000c000 DEOPT UNPACKING pc=0x00007fa561047373 sp=0x00007fa5790df350 mode 0
Event: 2.894 Thread 0x00007fa57000c000 DEOPT PACKING pc=0x00007fa5612fba52 sp=0x00007fa5790df210
Event: 2.894 Thread 0x00007fa57000c000 DEOPT UNPACKING pc=0x00007fa561047373 sp=0x00007fa5790defb0 mode 0
Event: 2.894 Thread 0x00007fa57000c000 DEOPT PACKING pc=0x00007fa56120d701 sp=0x00007fa5790df440
Event: 2.894 Thread 0x00007fa57000c000 DEOPT UNPACKING pc=0x00007fa561047373 sp=0x00007fa5790df148 mode 0
Event: 2.982 Thread 0x00007fa57000c000 DEOPT PACKING pc=0x00007fa5611dfe88 sp=0x00007fa5790df4a0
Event: 2.982 Thread 0x00007fa57000c000 DEOPT UNPACKING pc=0x00007fa561047373 sp=0x00007fa5790df1b8 mode 0
Event: 3.139 Executing VM operation: ParallelGCFailedAllocation


Dynamic libraries:
00400000-00401000 r-xp 00000000 08:06 5505223                            /home/whocares/android-studio/jre/bin/java
00600000-00601000 r--p 00000000 08:06 5505223                            /home/whocares/android-studio/jre/bin/java
00601000-00602000 rw-p 00001000 08:06 5505223                            /home/whocares/android-studio/jre/bin/java
017ec000-0180d000 rw-p 00000000 00:00 0                                  [heap]
c0000000-c5300000 rw-p 00000000 00:00 0 
c5300000-eab00000 ---p 00000000 00:00 0 
eab00000-f3100000 rw-p 00000000 00:00 0 
fc100000-100000000 ---p 00000000 00:00 0 
100000000-1000a0000 rw-p 00000000 00:00 0 
1000a0000-140000000 ---p 00000000 00:00 0 
7fa528000000-7fa528021000 rw-p 00000000 00:00 0 
7fa528021000-7fa52c000000 ---p 00000000 00:00 0 
7fa52c000000-7fa52c021000 rw-p 00000000 00:00 0 
7fa52c021000-7fa530000000 ---p 00000000 00:00 0 
7fa530000000-7fa53096e000 rw-p 00000000 00:00 0 
7fa53096e000-7fa534000000 ---p 00000000 00:00 0 
7fa534000000-7fa534427000 rw-p 00000000 00:00 0 
7fa534427000-7fa538000000 ---p 00000000 00:00 0 
7fa538000000-7fa538021000 rw-p 00000000 00:00 0 
7fa538021000-7fa53c000000 ---p 00000000 00:00 0 
7fa53c000000-7fa53c9d0000 rw-p 00000000 00:00 0 
7fa53c9d0000-7fa540000000 ---p 00000000 00:00 0 
7fa540000000-7fa540021000 rw-p 00000000 00:00 0 
7fa540021000-7fa544000000 ---p 00000000 00:00 0 
7fa544000000-7fa544021000 rw-p 00000000 00:00 0 
7fa544021000-7fa548000000 ---p 00000000 00:00 0 
7fa548000000-7fa54827e000 rw-p 00000000 00:00 0 
7fa54827e000-7fa54c000000 ---p 00000000 00:00 0 
7fa54c000000-7fa54c021000 rw-p 00000000 00:00 0 
7fa54c021000-7fa550000000 ---p 00000000 00:00 0 
7fa551eff000-7fa551f00000 ---p 00000000 00:00 0 
7fa551f00000-7fa554000000 rw-p 00000000 00:00 0 
7fa554000000-7fa554021000 rw-p 00000000 00:00 0 
7fa554021000-7fa558000000 ---p 00000000 00:00 0 
7fa558000000-7fa558021000 rw-p 00000000 00:00 0 
7fa558021000-7fa55c000000 ---p 00000000 00:00 0 
7fa55c000000-7fa55c021000 rw-p 00000000 00:00 0 
7fa55c021000-7fa560000000 ---p 00000000 00:00 0 
7fa56001b000-7fa56001e000 ---p 00000000 00:00 0 
7fa56001e000-7fa56011c000 rw-p 00000000 00:00 0 
7fa56011c000-7fa56011f000 ---p 00000000 00:00 0 
7fa56011f000-7fa56021d000 rw-p 00000000 00:00 0 
7fa56021d000-7fa560220000 ---p 00000000 00:00 0 
7fa560220000-7fa56031e000 rw-p 00000000 00:00 0 
7fa56031e000-7fa560321000 ---p 00000000 00:00 0 
7fa560321000-7fa56041f000 rw-p 00000000 00:00 0 
7fa56041f000-7fa560422000 ---p 00000000 00:00 0 
7fa560422000-7fa560520000 rw-p 00000000 00:00 0 
7fa560520000-7fa5607f8000 r--p 00000000 08:05 262481                     /usr/lib/locale/locale-archive
7fa5607f8000-7fa5607fb000 ---p 00000000 00:00 0 
7fa5607fb000-7fa5608f9000 rw-p 00000000 00:00 0 
7fa5608f9000-7fa5608fc000 ---p 00000000 00:00 0 
7fa5608fc000-7fa5609fa000 rw-p 00000000 00:00 0 
7fa5609fa000-7fa5609fb000 ---p 00000000 00:00 0 
7fa5609fb000-7fa561000000 rw-p 00000000 00:00 0 
7fa561000000-7fa5613d0000 rwxp 00000000 00:00 0 
7fa5613d0000-7fa570000000 ---p 00000000 00:00 0 
7fa570000000-7fa5703fa000 rw-p 00000000 00:00 0 
7fa5703fa000-7fa574000000 ---p 00000000 00:00 0 
7fa57401a000-7fa574029000 r--s 000df000 08:06 158328                     /home/whocares/Android/Sdk/build-tools/23.0.1/lib/dx.jar
7fa574029000-7fa574ad8000 rw-p 00000000 00:00 0 
7fa574ad8000-7fa574ca7000 r--s 03c1b000 08:06 5505280                    /home/whocares/android-studio/jre/jre/lib/rt.jar
7fa574ca7000-7fa57521d000 rw-p 00000000 00:00 0 
7fa57521d000-7fa57551d000 ---p 00000000 00:00 0 
7fa57551d000-7fa57571d000 rw-p 00000000 00:00 0 
7fa57571d000-7fa57571e000 ---p 00000000 00:00 0 
7fa57571e000-7fa57581e000 rw-p 00000000 00:00 0 
7fa57581e000-7fa57581f000 ---p 00000000 00:00 0 
7fa57581f000-7fa57591f000 rw-p 00000000 00:00 0 
7fa57591f000-7fa575920000 ---p 00000000 00:00 0 
7fa575920000-7fa575a20000 rw-p 00000000 00:00 0 
7fa575a20000-7fa575a21000 ---p 00000000 00:00 0 
7fa575a21000-7fa575b4b000 rw-p 00000000 00:00 0 
7fa575b4b000-7fa575c77000 ---p 00000000 00:00 0 
7fa575c77000-7fa575ca1000 rw-p 00000000 00:00 0 
7fa575ca1000-7fa575dcc000 ---p 00000000 00:00 0 
7fa575dcc000-7fa575e10000 rw-p 00000000 00:00 0 
7fa575e10000-7fa575e77000 ---p 00000000 00:00 0 
7fa575e77000-7fa575e88000 rw-p 00000000 00:00 0 
7fa575e88000-7fa576238000 ---p 00000000 00:00 0 
7fa576238000-7fa576252000 r-xp 00000000 08:06 5505307                    /home/whocares/android-studio/jre/jre/lib/amd64/libzip.so
7fa576252000-7fa576452000 ---p 0001a000 08:06 5505307                    /home/whocares/android-studio/jre/jre/lib/amd64/libzip.so
7fa576452000-7fa576453000 r--p 0001a000 08:06 5505307                    /home/whocares/android-studio/jre/jre/lib/amd64/libzip.so
7fa576453000-7fa576454000 rw-p 0001b000 08:06 5505307                    /home/whocares/android-studio/jre/jre/lib/amd64/libzip.so
7fa576454000-7fa57645f000 r-xp 00000000 08:05 1051228                    /lib/x86_64-linux-gnu/libnss_files-2.23.so
7fa57645f000-7fa57665e000 ---p 0000b000 08:05 1051228                    /lib/x86_64-linux-gnu/libnss_files-2.23.so
7fa57665e000-7fa57665f000 r--p 0000a000 08:05 1051228                    /lib/x86_64-linux-gnu/libnss_files-2.23.so
7fa57665f000-7fa576660000 rw-p 0000b000 08:05 1051228                    /lib/x86_64-linux-gnu/libnss_files-2.23.so
7fa576660000-7fa576666000 rw-p 00000000 00:00 0 
7fa576666000-7fa576671000 r-xp 00000000 08:05 1051231                    /lib/x86_64-linux-gnu/libnss_nis-2.23.so
7fa576671000-7fa576870000 ---p 0000b000 08:05 1051231                    /lib/x86_64-linux-gnu/libnss_nis-2.23.so
7fa576870000-7fa576871000 r--p 0000a000 08:05 1051231                    /lib/x86_64-linux-gnu/libnss_nis-2.23.so
7fa576871000-7fa576872000 rw-p 0000b000 08:05 1051231                    /lib/x86_64-linux-gnu/libnss_nis-2.23.so
7fa576872000-7fa576888000 r-xp 00000000 08:05 1051012                    /lib/x86_64-linux-gnu/libnsl-2.23.so
7fa576888000-7fa576a87000 ---p 00016000 08:05 1051012                    /lib/x86_64-linux-gnu/libnsl-2.23.so
7fa576a87000-7fa576a88000 r--p 00015000 08:05 1051012                    /lib/x86_64-linux-gnu/libnsl-2.23.so
7fa576a88000-7fa576a89000 rw-p 00016000 08:05 1051012                    /lib/x86_64-linux-gnu/libnsl-2.23.so
7fa576a89000-7fa576a8b000 rw-p 00000000 00:00 0 
7fa576a8b000-7fa576a93000 r-xp 00000000 08:05 1051237                    /lib/x86_64-linux-gnu/libnss_compat-2.23.so
7fa576a93000-7fa576c92000 ---p 00008000 08:05 1051237                    /lib/x86_64-linux-gnu/libnss_compat-2.23.so
7fa576c92000-7fa576c93000 r--p 00007000 08:05 1051237                    /lib/x86_64-linux-gnu/libnss_compat-2.23.so
7fa576c93000-7fa576c94000 rw-p 00008000 08:05 1051237                    /lib/x86_64-linux-gnu/libnss_compat-2.23.so
7fa576c94000-7fa576cc1000 r-xp 00000000 08:06 5505317                    /home/whocares/android-studio/jre/jre/lib/amd64/libjava.so
7fa576cc1000-7fa576ec0000 ---p 0002d000 08:06 5505317                    /home/whocares/android-studio/jre/jre/lib/amd64/libjava.so
7fa576ec0000-7fa576ec1000 r--p 0002c000 08:06 5505317                    /home/whocares/android-studio/jre/jre/lib/amd64/libjava.so
7fa576ec1000-7fa576ec3000 rw-p 0002d000 08:06 5505317                    /home/whocares/android-studio/jre/jre/lib/amd64/libjava.so
7fa576ec3000-7fa576ed3000 r-xp 00000000 08:06 5505333                    /home/whocares/android-studio/jre/jre/lib/amd64/libverify.so
7fa576ed3000-7fa5770d2000 ---p 00010000 08:06 5505333                    /home/whocares/android-studio/jre/jre/lib/amd64/libverify.so
7fa5770d2000-7fa5770d4000 r--p 0000f000 08:06 5505333                    /home/whocares/android-studio/jre/jre/lib/amd64/libverify.so
7fa5770d4000-7fa5770d5000 rw-p 00011000 08:06 5505333                    /home/whocares/android-studio/jre/jre/lib/amd64/libverify.so
7fa5770d5000-7fa5770dc000 r-xp 00000000 08:05 1051233                    /lib/x86_64-linux-gnu/librt-2.23.so
7fa5770dc000-7fa5772db000 ---p 00007000 08:05 1051233                    /lib/x86_64-linux-gnu/librt-2.23.so
7fa5772db000-7fa5772dc000 r--p 00006000 08:05 1051233                    /lib/x86_64-linux-gnu/librt-2.23.so
7fa5772dc000-7fa5772dd000 rw-p 00007000 08:05 1051233                    /lib/x86_64-linux-gnu/librt-2.23.so
7fa5772dd000-7fa5773e5000 r-xp 00000000 08:05 1051242                    /lib/x86_64-linux-gnu/libm-2.23.so
7fa5773e5000-7fa5775e4000 ---p 00108000 08:05 1051242                    /lib/x86_64-linux-gnu/libm-2.23.so
7fa5775e4000-7fa5775e5000 r--p 00107000 08:05 1051242                    /lib/x86_64-linux-gnu/libm-2.23.so
7fa5775e5000-7fa5775e6000 rw-p 00108000 08:05 1051242                    /lib/x86_64-linux-gnu/libm-2.23.so
7fa5775e6000-7fa5781d7000 r-xp 00000000 08:06 5505337                    /home/whocares/android-studio/jre/jre/lib/amd64/server/libjvm.so
7fa5781d7000-7fa5783d7000 ---p 00bf1000 08:06 5505337                    /home/whocares/android-studio/jre/jre/lib/amd64/server/libjvm.so
7fa5783d7000-7fa578476000 r--p 00bf1000 08:06 5505337                    /home/whocares/android-studio/jre/jre/lib/amd64/server/libjvm.so
7fa578476000-7fa57849f000 rw-p 00c90000 08:06 5505337                    /home/whocares/android-studio/jre/jre/lib/amd64/server/libjvm.so
7fa57849f000-7fa5784e3000 rw-p 00000000 00:00 0 
7fa5784e3000-7fa5784fb000 r-xp 00000000 08:05 1051230                    /lib/x86_64-linux-gnu/libpthread-2.23.so
7fa5784fb000-7fa5786fa000 ---p 00018000 08:05 1051230                    /lib/x86_64-linux-gnu/libpthread-2.23.so
7fa5786fa000-7fa5786fb000 r--p 00017000 08:05 1051230                    /lib/x86_64-linux-gnu/libpthread-2.23.so
7fa5786fb000-7fa5786fc000 rw-p 00018000 08:05 1051230                    /lib/x86_64-linux-gnu/libpthread-2.23.so
7fa5786fc000-7fa578700000 rw-p 00000000 00:00 0 
7fa578700000-7fa578703000 r-xp 00000000 08:05 1051236                    /lib/x86_64-linux-gnu/libdl-2.23.so
7fa578703000-7fa578902000 ---p 00003000 08:05 1051236                    /lib/x86_64-linux-gnu/libdl-2.23.so
7fa578902000-7fa578903000 r--p 00002000 08:05 1051236                    /lib/x86_64-linux-gnu/libdl-2.23.so
7fa578903000-7fa578904000 rw-p 00003000 08:05 1051236                    /lib/x86_64-linux-gnu/libdl-2.23.so
7fa578904000-7fa578ac4000 r-xp 00000000 08:05 1051247                    /lib/x86_64-linux-gnu/libc-2.23.so
7fa578ac4000-7fa578cc4000 ---p 001c0000 08:05 1051247                    /lib/x86_64-linux-gnu/libc-2.23.so
7fa578cc4000-7fa578cc8000 r--p 001c0000 08:05 1051247                    /lib/x86_64-linux-gnu/libc-2.23.so
7fa578cc8000-7fa578cca000 rw-p 001c4000 08:05 1051247                    /lib/x86_64-linux-gnu/libc-2.23.so
7fa578cca000-7fa578cce000 rw-p 00000000 00:00 0 
7fa578cce000-7fa578ce4000 r-xp 00000000 08:06 5505197                    /home/whocares/android-studio/jre/lib/amd64/jli/libjli.so
7fa578ce4000-7fa578ee3000 ---p 00016000 08:06 5505197                    /home/whocares/android-studio/jre/lib/amd64/jli/libjli.so
7fa578ee3000-7fa578ee4000 r--p 00015000 08:06 5505197                    /home/whocares/android-studio/jre/lib/amd64/jli/libjli.so
7fa578ee4000-7fa578ee5000 rw-p 00016000 08:06 5505197                    /home/whocares/android-studio/jre/lib/amd64/jli/libjli.so
7fa578ee5000-7fa578f0b000 r-xp 00000000 08:05 1051013                    /lib/x86_64-linux-gnu/ld-2.23.so
7fa578f0f000-7fa578fe0000 rw-p 00000000 00:00 0 
7fa578fe0000-7fa578fe3000 ---p 00000000 00:00 0 
7fa578fe3000-7fa5790e5000 rw-p 00000000 00:00 0 
7fa5790e5000-7fa5790ea000 r--s 00098000 08:06 5505298                    /home/whocares/android-studio/jre/jre/lib/jsse.jar
7fa5790ea000-7fa5790fe000 rw-p 00000000 00:00 0 
7fa5790fe000-7fa579106000 rw-s 00000000 08:05 805275                     /tmp/hsperfdata_whocares/20621
7fa579106000-7fa579107000 rw-p 00000000 00:00 0 
7fa579107000-7fa579108000 ---p 00000000 00:00 0 
7fa579108000-7fa57910a000 rw-p 00000000 00:00 0 
7fa57910a000-7fa57910b000 r--p 00025000 08:05 1051013                    /lib/x86_64-linux-gnu/ld-2.23.so
7fa57910b000-7fa57910c000 rw-p 00026000 08:05 1051013                    /lib/x86_64-linux-gnu/ld-2.23.so
7fa57910c000-7fa57910d000 rw-p 00000000 00:00 0 
7fff9c7d8000-7fff9c7fa000 rw-p 00000000 00:00 0                          [stack]
7fff9c7fa000-7fff9c7fc000 r--p 00000000 00:00 0                          [vvar]
7fff9c7fc000-7fff9c7fe000 r-xp 00000000 00:00 0                          [vdso]
ffffffffff600000-ffffffffff601000 r-xp 00000000 00:00 0                  [vsyscall]

VM Arguments:
jvm_args: -Djava.awt.headless=true -Xmx1024M -Dfile.encoding=UTF-8 -Duser.country=IN -Duser.language=en -Duser.variant 
java_command: com.android.dx.command.Main --dex --num-threads=4 --output /home/whocares/Github/TEDx-ReactNative/android/app/build/intermediates/transforms/dex/debug/folders/1000/1f/main /home/whocares/Github/TEDx-ReactNative/android/app/build/intermediates/pre-dexed/debug/javax.inject-1_7898eab4233521c1fed2b5b80c5a252cc544158a.jar /home/whocares/Github/TEDx-ReactNative/android/app/build/intermediates/pre-dexed/debug/staticlayout-proxy-1.0_911ca7cb28cfa63372d679c24552f2926cbff9ff.jar /home/whocares/Github/TEDx-ReactNative/android/app/build/intermediates/pre-dexed/debug/infer-annotations-4.0_83b3098ea9287b862203c5220ae7c9ea07e1e919.jar /home/whocares/Github/TEDx-ReactNative/android/app/build/intermediates/pre-dexed/debug/support-annotations-23.0.1_89b5e6ee193e9321e781f36566dd4b60f4f6bc83.jar /home/whocares/Github/TEDx-ReactNative/android/app/build/intermediates/pre-dexed/debug/com.facebook.fresco-imagepipeline-okhttp3-1.3.0_18fc777120161bbed3d0729088e470019b340a57.jar /home/whocares/Github/TEDx-ReactNative/android/app/build/intermediates/pre-dexed/debug/com.facebook.fresco-fresco-1.3.0_c25f69d10e420608d02f196a87e3164dfc1174b2.jar /home/whocares/Github/TEDx-ReactNative/android/app/build/intermediates/pre-dexed/debug/com.facebook.fbui.textlayoutbuilder-textlayoutbuilder-1.0.0_b907a2925555f76cf1c652b598d999a57b1277e6.jar /home/whocares/Github/TEDx-ReactNative/android/app/build/intermediates/pre-dexed/debug/bolts-tasks-1.4.0_d917aeeeb3a32f4217183d1d0bfe73e97e206577.jar /home/whocares/Github/TEDx-ReactNative/android/app/build/intermediates/pre-dexed/debug/okhttp-urlconnection-3.6.0_7efbf4cf234d9c3bb27670f5f6744ac33d189f67.jar /home/whocares/Github/TEDx-ReactNative/android/app/build/intermediates/pre-dexed/debug/jsr305-3.0.0_55703b2e2805dbd152c22b33a50abd36550234ce.jar /home/whocares/Github/TEDx-ReactNative/android/app/build/intermediates/pre-dexed/debug/com.facebook.soloader-soloader-0.1.0_99cda0fe91dbf2ae70dd9da777d6f7ed8e3387ac.jar /home/whocares/Github/TEDx-ReactNativ
java_class_path (initial): /home/whocares/Android/Sdk/build-tools/23.0.1/lib/dx.jar
Launcher Type: SUN_STANDARD

Environment Variables:
PATH=/home/whocares/.local/share/umake/bin:/home/whocares/bin:/home/whocares/.local/bin:/usr/local/sbin:/usr/local/bin:/usr/sbin:/usr/bin:/sbin:/bin:/usr/games:/usr/local/games:/snap/bin
LD_LIBRARY_PATH=/home/whocares/android-studio/bin:
SHELL=/usr/bin/zsh
DISPLAY=:0

Signal Handlers:
SIGSEGV: [libjvm.so+0x9e5150], sa_mask[0]=11111111011111111101111111111110, sa_flags=SA_RESTART|SA_SIGINFO
SIGBUS: [libjvm.so+0x9e5150], sa_mask[0]=11111111011111111101111111111110, sa_flags=SA_RESTART|SA_SIGINFO
SIGFPE: [libjvm.so+0x848450], sa_mask[0]=11111111011111111101111111111110, sa_flags=SA_RESTART|SA_SIGINFO
SIGPIPE: [libjvm.so+0x848450], sa_mask[0]=11111111011111111101111111111110, sa_flags=SA_RESTART|SA_SIGINFO
SIGXFSZ: [libjvm.so+0x848450], sa_mask[0]=11111111011111111101111111111110, sa_flags=SA_RESTART|SA_SIGINFO
SIGILL: [libjvm.so+0x848450], sa_mask[0]=11111111011111111101111111111110, sa_flags=SA_RESTART|SA_SIGINFO
SIGUSR1: SIG_DFL, sa_mask[0]=00000000000000000000000000000000, sa_flags=none
SIGUSR2: [libjvm.so+0x848320], sa_mask[0]=00100000000000000000000000000000, sa_flags=SA_RESTART|SA_SIGINFO
SIGHUP: [libjvm.so+0x848510], sa_mask[0]=11111111011111111101111111111110, sa_flags=SA_RESTART|SA_SIGINFO
SIGINT: [libjvm.so+0x848510], sa_mask[0]=11111111011111111101111111111110, sa_flags=SA_RESTART|SA_SIGINFO
SIGTERM: [libjvm.so+0x848510], sa_mask[0]=11111111011111111101111111111110, sa_flags=SA_RESTART|SA_SIGINFO
SIGQUIT: [libjvm.so+0x848510], sa_mask[0]=11111111011111111101111111111110, sa_flags=SA_RESTART|SA_SIGINFO


---------------  S Y S T E M  ---------------

OS:DISTRIB_ID=Ubuntu
DISTRIB_RELEASE=16.04
DISTRIB_CODENAME=xenial
DISTRIB_DESCRIPTION="Ubuntu 16.04.3 LTS"

uname:Linux 4.4.0-96-generic #119-Ubuntu SMP Tue Sep 12 14:59:54 UTC 2017 x86_64
libc:glibc 2.23 NPTL 2.23 
rlimit: STACK 8192k, CORE 0k, NPROC 30457, NOFILE 1048576, AS infinity
load average:1.85 1.28 1.13

/proc/meminfo:
MemTotal:        8064512 kB
MemFree:          132552 kB
MemAvailable:      63460 kB
Buffers:            1920 kB
Cached:           741116 kB
SwapCached:            0 kB
Active:          6872948 kB
Inactive:         682700 kB
Active(anon):    6846396 kB
Inactive(anon):   656484 kB
Active(file):      26552 kB
Inactive(file):    26216 kB
Unevictable:         764 kB
Mlocked:             764 kB
SwapTotal:             0 kB
SwapFree:              0 kB
Dirty:              3232 kB
Writeback:             0 kB
AnonPages:       6814156 kB
Mapped:           528924 kB
Shmem:            689488 kB
Slab:             182528 kB
SReclaimable:      91660 kB
SUnreclaim:        90868 kB
KernelStack:       17168 kB
PageTables:        75924 kB
NFS_Unstable:          0 kB
Bounce:                0 kB
WritebackTmp:          0 kB
CommitLimit:     4032256 kB
Committed_AS:   15856680 kB
VmallocTotal:   34359738367 kB
VmallocUsed:           0 kB
VmallocChunk:          0 kB
HardwareCorrupted:     0 kB
AnonHugePages:   2799616 kB
CmaTotal:              0 kB
CmaFree:               0 kB
HugePages_Total:       0
HugePages_Free:        0
HugePages_Rsvd:        0
HugePages_Surp:        0
Hugepagesize:       2048 kB
DirectMap4k:      338140 kB
DirectMap2M:     7940096 kB
DirectMap1G:     1048576 kB


CPU:total 4 (2 cores per cpu, 2 threads per core) family 6 model 78 stepping 3, cmov, cx8, fxsr, mmx, sse, sse2, sse3, ssse3, sse4.1, sse4.2, popcnt, avx, avx2, aes, clmul, erms, 3dnowpref, lzcnt, ht, tsc, tscinvbit, bmi1, bmi2, adx

/proc/cpuinfo:
processor	: 0
vendor_id	: GenuineIntel
cpu family	: 6
model		: 78
model name	: Intel(R) Core(TM) i5-6200U CPU @ 2.30GHz
stepping	: 3
microcode	: 0xba
cpu MHz		: 499.312
cache size	: 3072 KB
physical id	: 0
siblings	: 4
core id		: 0
cpu cores	: 2
apicid		: 0
initial apicid	: 0
fpu		: yes
fpu_exception	: yes
cpuid level	: 22
wp		: yes
flags		: fpu vme de pse tsc msr pae mce cx8 apic sep mtrr pge mca cmov pat pse36 clflush dts acpi mmx fxsr sse sse2 ss ht tm pbe syscall nx pdpe1gb rdtscp lm constant_tsc art arch_perfmon pebs bts rep_good nopl xtopology nonstop_tsc aperfmperf eagerfpu pni pclmulqdq dtes64 monitor ds_cpl vmx est tm2 ssse3 sdbg fma cx16 xtpr pdcm pcid sse4_1 sse4_2 x2apic movbe popcnt tsc_deadline_timer aes xsave avx f16c rdrand lahf_lm abm 3dnowprefetch epb intel_pt tpr_shadow vnmi flexpriority ept vpid fsgsbase tsc_adjust bmi1 avx2 smep bmi2 erms invpcid mpx rdseed adx smap clflushopt xsaveopt xsavec xgetbv1 dtherm ida arat pln pts hwp hwp_notify hwp_act_window hwp_epp
bugs		:
bogomips	: 4799.88
clflush size	: 64
cache_alignment	: 64
address sizes	: 39 bits physical, 48 bits virtual
power management:

processor	: 1
vendor_id	: GenuineIntel
cpu family	: 6
model		: 78
model name	: Intel(R) Core(TM) i5-6200U CPU @ 2.30GHz
stepping	: 3
microcode	: 0xba
cpu MHz		: 499.687
cache size	: 3072 KB
physical id	: 0
siblings	: 4
core id		: 1
cpu cores	: 2
apicid		: 2
initial apicid	: 2
fpu		: yes
fpu_exception	: yes
cpuid level	: 22
wp		: yes
flags		: fpu vme de pse tsc msr pae mce cx8 apic sep mtrr pge mca cmov pat pse36 clflush dts acpi mmx fxsr sse sse2 ss ht tm pbe syscall nx pdpe1gb rdtscp lm constant_tsc art arch_perfmon pebs bts rep_good nopl xtopology nonstop_tsc aperfmperf eagerfpu pni pclmulqdq dtes64 monitor ds_cpl vmx est tm2 ssse3 sdbg fma cx16 xtpr pdcm pcid sse4_1 sse4_2 x2apic movbe popcnt tsc_deadline_timer aes xsave avx f16c rdrand lahf_lm abm 3dnowprefetch epb intel_pt tpr_shadow vnmi flexpriority ept vpid fsgsbase tsc_adjust bmi1 avx2 smep bmi2 erms invpcid mpx rdseed adx smap clflushopt xsaveopt xsavec xgetbv1 dtherm ida arat pln pts hwp hwp_notify hwp_act_window hwp_epp
bugs		:
bogomips	: 4799.88
clflush size	: 64
cache_alignment	: 64
address sizes	: 39 bits physical, 48 bits virtual
power management:

processor	: 2
vendor_id	: GenuineIntel
cpu family	: 6
model		: 78
model name	: Intel(R) Core(TM) i5-6200U CPU @ 2.30GHz
stepping	: 3
microcode	: 0xba
cpu MHz		: 499.687
cache size	: 3072 KB
physical id	: 0
siblings	: 4
core id		: 0
cpu cores	: 2
apicid		: 1
initial apicid	: 1
fpu		: yes
fpu_exception	: yes
cpuid level	: 22
wp		: yes
flags		: fpu vme de pse tsc msr pae mce cx8 apic sep mtrr pge mca cmov pat pse36 clflush dts acpi mmx fxsr sse sse2 ss ht tm pbe syscall nx pdpe1gb rdtscp lm constant_tsc art arch_perfmon pebs bts rep_good nopl xtopology nonstop_tsc aperfmperf eagerfpu pni pclmulqdq dtes64 monitor ds_cpl vmx est tm2 ssse3 sdbg fma cx16 xtpr pdcm pcid sse4_1 sse4_2 x2apic movbe popcnt tsc_deadline_timer aes xsave avx f16c rdrand lahf_lm abm 3dnowprefetch epb intel_pt tpr_shadow vnmi flexpriority ept vpid fsgsbase tsc_adjust bmi1 avx2 smep bmi2 erms invpcid mpx rdseed adx smap clflushopt xsaveopt xsavec xgetbv1 dtherm ida arat pln pts hwp hwp_notify hwp_act_window hwp_epp
bugs		:
bogomips	: 4799.88
clflush size	: 64
cache_alignment	: 64
address sizes	: 39 bits physical, 48 bits virtual
power management:

processor	: 3
vendor_id	: GenuineIntel
cpu family	: 6
model		: 78
model name	: Intel(R) Core(TM) i5-6200U CPU @ 2.30GHz
stepping	: 3
microcode	: 0xba
cpu MHz		: 499.687
cache size	: 3072 KB
physical id	: 0
siblings	: 4
core id		: 1
cpu cores	: 2
apicid		: 3
initial apicid	: 3
fpu		: yes
fpu_exception	: yes
cpuid level	: 22
wp		: yes
flags		: fpu vme de pse tsc msr pae mce cx8 apic sep mtrr pge mca cmov pat pse36 clflush dts acpi mmx fxsr sse sse2 ss ht tm pbe syscall nx pdpe1gb rdtscp lm constant_tsc art arch_perfmon pebs bts rep_good nopl xtopology nonstop_tsc aperfmperf eagerfpu pni pclmulqdq dtes64 monitor ds_cpl vmx est tm2 ssse3 sdbg fma cx16 xtpr pdcm pcid sse4_1 sse4_2 x2apic movbe popcnt tsc_deadline_timer aes xsave avx f16c rdrand lahf_lm abm 3dnowprefetch epb intel_pt tpr_shadow vnmi flexpriority ept vpid fsgsbase tsc_adjust bmi1 avx2 smep bmi2 erms invpcid mpx rdseed adx smap clflushopt xsaveopt xsavec xgetbv1 dtherm ida arat pln pts hwp hwp_notify hwp_act_window hwp_epp
bugs		:
bogomips	: 4799.88
clflush size	: 64
cache_alignment	: 64
address sizes	: 39 bits physical, 48 bits virtual
power management:



Memory: 4k page, physical 8064512k(132552k free), swap 0k(0k free)

vm_info: OpenJDK 64-Bit Server VM (25.112-b06) for linux-amd64 JRE (1.8.0_112-release-b06), built on Dec  6 2016 12:11:18 by "builder" with gcc 4.8.4

time: Mon Oct  9 20:44:27 2017
elapsed time: 4 seconds (0d 0h 0m 4s)

